{"level":"info","message":"🚀 Server running on port 4000","service":"chess-app-backend","timestamp":"2025-07-04T21:54:33.156Z"}
{"level":"info","message":"📊 Environment: undefined","service":"chess-app-backend","timestamp":"2025-07-04T21:54:33.158Z"}
{"level":"info","message":"🔗 API URL: http://localhost:4000/api","service":"chess-app-backend","timestamp":"2025-07-04T21:54:33.158Z"}
{"level":"info","message":"🚀 Server running on port 4000","service":"chess-app-backend","timestamp":"2025-07-04T21:54:47.719Z"}
{"level":"info","message":"📊 Environment: undefined","service":"chess-app-backend","timestamp":"2025-07-04T21:54:47.720Z"}
{"level":"info","message":"🔗 API URL: http://localhost:4000/api","service":"chess-app-backend","timestamp":"2025-07-04T21:54:47.720Z"}
{"level":"info","message":"🚀 Server running on port 4000","service":"chess-app-backend","timestamp":"2025-07-04T21:57:01.139Z"}
{"level":"info","message":"📊 Environment: undefined","service":"chess-app-backend","timestamp":"2025-07-04T21:57:01.140Z"}
{"level":"info","message":"🔗 API URL: http://localhost:4000/api","service":"chess-app-backend","timestamp":"2025-07-04T21:57:01.141Z"}
{"level":"info","message":"🚀 Server running on port undefined","service":"chess-app-backend","timestamp":"2025-07-04T21:57:58.580Z"}
{"level":"info","message":"📊 Environment: undefined","service":"chess-app-backend","timestamp":"2025-07-04T21:57:58.582Z"}
{"level":"info","message":"🔗 API URL: http://localhost:undefined/api","service":"chess-app-backend","timestamp":"2025-07-04T21:57:58.582Z"}
{"level":"info","message":"🚀 Server running on port 4000","service":"chess-app-backend","timestamp":"2025-07-04T21:58:24.797Z"}
{"level":"info","message":"📊 Environment: undefined","service":"chess-app-backend","timestamp":"2025-07-04T21:58:24.798Z"}
{"level":"info","message":"🔗 API URL: http://localhost:4000/api","service":"chess-app-backend","timestamp":"2025-07-04T21:58:24.799Z"}
{"level":"info","message":"🚀 Server running on port 4000","service":"chess-app-backend","timestamp":"2025-07-04T21:58:26.350Z"}
{"level":"info","message":"📊 Environment: undefined","service":"chess-app-backend","timestamp":"2025-07-04T21:58:26.352Z"}
{"level":"info","message":"🔗 API URL: http://localhost:4000/api","service":"chess-app-backend","timestamp":"2025-07-04T21:58:26.352Z"}
{"level":"info","message":"🚀 Server running on port 4000","service":"chess-app-backend","timestamp":"2025-07-04T22:01:36.205Z"}
{"level":"info","message":"📊 Environment: undefined","service":"chess-app-backend","timestamp":"2025-07-04T22:01:36.206Z"}
{"level":"info","message":"🔗 API URL: http://localhost:4000/api","service":"chess-app-backend","timestamp":"2025-07-04T22:01:36.206Z"}
{"level":"info","message":"🚀 Server running on port 4000","service":"chess-app-backend","timestamp":"2025-07-04T22:01:45.764Z"}
{"level":"info","message":"📊 Environment: undefined","service":"chess-app-backend","timestamp":"2025-07-04T22:01:45.765Z"}
{"level":"info","message":"🔗 API URL: http://localhost:4000/api","service":"chess-app-backend","timestamp":"2025-07-04T22:01:45.766Z"}
{"level":"info","message":"🚀 Server running on port 4000","service":"chess-app-backend","timestamp":"2025-07-04T22:02:06.267Z"}
{"level":"info","message":"📊 Environment: undefined","service":"chess-app-backend","timestamp":"2025-07-04T22:02:06.268Z"}
{"level":"info","message":"🔗 API URL: http://localhost:4000/api","service":"chess-app-backend","timestamp":"2025-07-04T22:02:06.269Z"}
{"level":"info","message":"🚀 Server running on port 4000","service":"chess-app-backend","timestamp":"2025-07-04T22:02:15.795Z"}
{"level":"info","message":"📊 Environment: undefined","service":"chess-app-backend","timestamp":"2025-07-04T22:02:15.796Z"}
{"level":"info","message":"🔗 API URL: http://localhost:4000/api","service":"chess-app-backend","timestamp":"2025-07-04T22:02:15.797Z"}
{"level":"info","message":"🚀 Server running on port 4000","service":"chess-app-backend","timestamp":"2025-07-04T22:02:32.665Z"}
{"level":"info","message":"📊 Environment: development","service":"chess-app-backend","timestamp":"2025-07-04T22:02:32.666Z"}
{"level":"info","message":"🔗 API URL: http://localhost:4000/api","service":"chess-app-backend","timestamp":"2025-07-04T22:02:32.666Z"}
{"level":"info","message":"🚀 Server running on port 4000","service":"chess-app-backend","timestamp":"2025-07-04T22:02:56.362Z"}
{"level":"info","message":"📊 Environment: development","service":"chess-app-backend","timestamp":"2025-07-04T22:02:56.364Z"}
{"level":"info","message":"🔗 API URL: http://localhost:4000/api","service":"chess-app-backend","timestamp":"2025-07-04T22:02:56.364Z"}
{"level":"info","message":"🚀 Server running on port 4000","service":"chess-app-backend","timestamp":"2025-07-04T22:03:01.217Z"}
{"level":"info","message":"📊 Environment: undefined","service":"chess-app-backend","timestamp":"2025-07-04T22:03:01.218Z"}
{"level":"info","message":"🔗 API URL: http://localhost:4000/api","service":"chess-app-backend","timestamp":"2025-07-04T22:03:01.218Z"}
{"level":"info","message":"🚀 Server running on port 4000","service":"chess-app-backend","timestamp":"2025-07-04T22:03:06.627Z"}
{"level":"info","message":"📊 Environment: development","service":"chess-app-backend","timestamp":"2025-07-04T22:03:06.629Z"}
{"level":"info","message":"🔗 API URL: http://localhost:4000/api","service":"chess-app-backend","timestamp":"2025-07-04T22:03:06.629Z"}
{"level":"info","message":"🚀 Server running on port 4000","service":"chess-app-backend","timestamp":"2025-07-04T22:03:10.150Z"}
{"level":"info","message":"📊 Environment: development","service":"chess-app-backend","timestamp":"2025-07-04T22:03:10.151Z"}
{"level":"info","message":"🔗 API URL: http://localhost:4000/api","service":"chess-app-backend","timestamp":"2025-07-04T22:03:10.151Z"}
{"level":"info","message":"Starting graceful shutdown....","service":"chess-app-backend","timestamp":"2025-07-04T22:08:21.431Z"}
